<?xml version="1.0" encoding="UTF-8"?>
<!-- Generated by org.testng.reporters.JUnitReportReporter -->
<testsuite hostname="DESKTOP-TH6M7E1" name="com.masteringselenium.BasicTest" tests="2" failures="0" timestamp="26 Dec 2017 22:34:11 GMT" time="108.540" errors="0">
  <testcase name="googleMilkExample" time="19.405" classname="com.masteringselenium.BasicTest"/>
  <testcase name="googleCheeseExample" time="89.135" classname="com.masteringselenium.BasicTest"/>
</testsuite> <!-- com.masteringselenium.BasicTest -->
